<?xml version="1.0" encoding="UTF-8"?>
<!-- Generated by org.testng.reporters.JUnitReportReporter -->
<testsuite skipped="0" hostname="Dell" name="com.test.testcases.SearchPage" tests="1" failures="0" timestamp="05 Dec 2019 05:10:23 GMT" time="0.020" errors="0">
  <testcase name="test" time="0.020" classname="com.test.testcases.SearchPage"/>
</testsuite> <!-- com.test.testcases.SearchPage -->
