<?xml version="1.0" encoding="UTF-8"?>
<!-- Generated by org.testng.reporters.JUnitReportReporter -->
<testsuite skipped="0" hostname="Dell" name="com.test.testcases.LoginTest" tests="1" failures="0" timestamp="28 Nov 2019 05:04:22 GMT" time="0.016" errors="0">
  <testcase name="loginTest" time="0.016" classname="com.test.testcases.LoginTest"/>
</testsuite> <!-- com.test.testcases.LoginTest -->
