<?xml version="1.0" encoding="UTF-8"?>
<!-- Generated by org.testng.reporters.JUnitReportReporter -->
<testsuite skipped="0" hostname="Dell" name="com.test.testcases.HomeTest" tests="1" failures="0" timestamp="28 Nov 2019 05:04:22 GMT" time="0.002" errors="0">
  <testcase name="homeTest" time="0.002" classname="com.test.testcases.HomeTest"/>
</testsuite> <!-- com.test.testcases.HomeTest -->
